15:55:42.077 [main] INFO  o.cysoft.urbanbot.main.UrbanbotMain - >>> Start Urbanbot... 
15:55:42.088 [main] INFO  o.cysoft.urbanbot.main.UrbanbotMain - appName=urbanbot 
15:55:42.088 [main] INFO  o.cysoft.urbanbot.main.UrbanbotMain - coreUrl=http://localhost:8080/cy-bss-core 
15:55:42.088 [main] INFO  o.cysoft.urbanbot.main.UrbanbotMain - userId=cybss 
15:55:42.089 [main] INFO  o.cysoft.urbanbot.main.UrbanbotMain - userId=cybss 
15:55:42.089 [Thread-0] INFO  o.cysoft.urbanbot.main.UrbanbotMain - >>> Start Main Thread... 
15:55:43.320 [Thread-0] INFO  o.c.urbanbot.api.bss.CyBssCoreAPI - App [id=1, name=UrbanBot, descr=UrbanBot @ Carovigno] 
15:56:08.627 [Thread-0] INFO  o.cysoft.urbanbot.main.UrbanbotMain - Received:Update [update_id=447316218, message=Message [message_id=706, from=User [id=114716051, first_name=Antonio, last_name=Furone, username=antoniofurone], date=1448808967, chat=Chat [id=114716051, first_name=Antonio, last_name=Furone, username=antoniofurone, title=, type=private], forward_from=null, forward_date=0, reply_to_message=null, text=/Start, audio=null, document=null, photo=null]] 
15:56:19.132 [Thread-0] INFO  o.cysoft.urbanbot.main.UrbanbotMain - Received:Update [update_id=447316219, message=Message [message_id=708, from=User [id=114716051, first_name=Antonio, last_name=Furone, username=antoniofurone], date=1448808976, chat=Chat [id=114716051, first_name=Antonio, last_name=Furone, username=antoniofurone, title=, type=private], forward_from=null, forward_date=0, reply_to_message=null, text=/L, audio=null, document=null, photo=null]] 
15:56:39.955 [Thread-0] INFO  o.cysoft.urbanbot.main.UrbanbotMain - Received:Update [update_id=447316220, message=Message [message_id=710, from=User [id=114716051, first_name=Antonio, last_name=Furone, username=antoniofurone], date=1448808998, chat=Chat [id=114716051, first_name=Antonio, last_name=Furone, username=antoniofurone, title=, type=private], forward_from=null, forward_date=0, reply_to_message=null, text=/L, audio=null, document=null, photo=null]] 
15:56:54.005 [Thread-0] INFO  o.cysoft.urbanbot.main.UrbanbotMain - Received:Update [update_id=447316221, message=Message [message_id=712, from=User [id=114716051, first_name=Antonio, last_name=Furone, username=antoniofurone], date=1448809011, chat=Chat [id=114716051, first_name=Antonio, last_name=Furone, username=antoniofurone, title=, type=private], forward_from=null, forward_date=0, reply_to_message=null, text=/S, audio=null, document=null, photo=null]] 
15:59:29.655 [Thread-0] INFO  o.cysoft.urbanbot.main.UrbanbotMain - Received:Update [update_id=447316222, message=Message [message_id=714, from=User [id=114716051, first_name=Antonio, last_name=Furone, username=antoniofurone], date=1448809167, chat=Chat [id=114716051, first_name=Antonio, last_name=Furone, username=antoniofurone, title=, type=private], forward_from=null, forward_date=0, reply_to_message=null, text=/S, audio=null, document=null, photo=null]] 
15:59:40.085 [Thread-0] INFO  o.cysoft.urbanbot.main.UrbanbotMain - Received:Update [update_id=447316223, message=Message [message_id=716, from=User [id=114716051, first_name=Antonio, last_name=Furone, username=antoniofurone], date=1448809179, chat=Chat [id=114716051, first_name=Antonio, last_name=Furone, username=antoniofurone, title=, type=private], forward_from=null, forward_date=0, reply_to_message=null, text=/b, audio=null, document=null, photo=null]] 
15:59:47.020 [Thread-0] INFO  o.cysoft.urbanbot.main.UrbanbotMain - Received:Update [update_id=447316224, message=Message [message_id=718, from=User [id=114716051, first_name=Antonio, last_name=Furone, username=antoniofurone], date=1448809186, chat=Chat [id=114716051, first_name=Antonio, last_name=Furone, username=antoniofurone, title=, type=private], forward_from=null, forward_date=0, reply_to_message=null, text=/B, audio=null, document=null, photo=null]] 
15:59:57.422 [Thread-0] INFO  o.cysoft.urbanbot.main.UrbanbotMain - Received:Update [update_id=447316225, message=Message [message_id=720, from=User [id=114716051, first_name=Antonio, last_name=Furone, username=antoniofurone], date=1448809194, chat=Chat [id=114716051, first_name=Antonio, last_name=Furone, username=antoniofurone, title=, type=private], forward_from=null, forward_date=0, reply_to_message=null, text=/s, audio=null, document=null, photo=null]] 
16:00:14.582 [Thread-0] INFO  o.cysoft.urbanbot.main.UrbanbotMain - Received:Update [update_id=447316226, message=Message [message_id=722, from=User [id=114716051, first_name=Antonio, last_name=Furone, username=antoniofurone], date=1448809213, chat=Chat [id=114716051, first_name=Antonio, last_name=Furone, username=antoniofurone, title=, type=private], forward_from=null, forward_date=0, reply_to_message=null, text=/S, audio=null, document=null, photo=null]] 
16:00:28.774 [Thread-0] INFO  o.cysoft.urbanbot.main.UrbanbotMain - Received:Update [update_id=447316227, message=Message [message_id=724, from=User [id=114716051, first_name=Antonio, last_name=Furone, username=antoniofurone], date=1448809227, chat=Chat [id=114716051, first_name=Antonio, last_name=Furone, username=antoniofurone, title=, type=private], forward_from=null, forward_date=0, reply_to_message=null, text=Una segnalazione...., audio=null, document=null, photo=null]] 
16:00:42.820 [Thread-0] INFO  o.cysoft.urbanbot.main.UrbanbotMain - Received:Update [update_id=447316228, message=Message [message_id=726, from=User [id=114716051, first_name=Antonio, last_name=Furone, username=antoniofurone], date=1448809239, chat=Chat [id=114716051, first_name=Antonio, last_name=Furone, username=antoniofurone, title=, type=private], forward_from=null, forward_date=0, reply_to_message=null, text=/B, audio=null, document=null, photo=null]] 
16:00:53.293 [Thread-0] INFO  o.cysoft.urbanbot.main.UrbanbotMain - Received:Update [update_id=447316229, message=Message [message_id=728, from=User [id=114716051, first_name=Antonio, last_name=Furone, username=antoniofurone], date=1448809250, chat=Chat [id=114716051, first_name=Antonio, last_name=Furone, username=antoniofurone, title=, type=private], forward_from=null, forward_date=0, reply_to_message=null, text=/S, audio=null, document=null, photo=null]] 
16:01:00.307 [Thread-0] INFO  o.cysoft.urbanbot.main.UrbanbotMain - Received:Update [update_id=447316230, message=Message [message_id=730, from=User [id=114716051, first_name=Antonio, last_name=Furone, username=antoniofurone], date=1448809256, chat=Chat [id=114716051, first_name=Antonio, last_name=Furone, username=antoniofurone, title=, type=private], forward_from=null, forward_date=0, reply_to_message=null, text=Fffg, audio=null, document=null, photo=null]] 
16:01:31.283 [Thread-0] INFO  o.cysoft.urbanbot.main.UrbanbotMain - Received:Update [update_id=447316231, message=Message [message_id=732, from=User [id=114716051, first_name=Antonio, last_name=Furone, username=antoniofurone], date=1448809290, chat=Chat [id=114716051, first_name=Antonio, last_name=Furone, username=antoniofurone, title=, type=private], forward_from=null, forward_date=0, reply_to_message=null, text=null, audio=null, document=null, photo=null]] 
16:01:45.068 [Thread-0] INFO  o.cysoft.urbanbot.main.UrbanbotMain - Received:Update [update_id=447316232, message=Message [message_id=735, from=User [id=114716051, first_name=Antonio, last_name=Furone, username=antoniofurone], date=1448809304, chat=Chat [id=114716051, first_name=Antonio, last_name=Furone, username=antoniofurone, title=, type=private], forward_from=null, forward_date=0, reply_to_message=null, text=/B, audio=null, document=null, photo=null]] 
16:01:52.017 [Thread-0] INFO  o.cysoft.urbanbot.main.UrbanbotMain - Received:Update [update_id=447316233, message=Message [message_id=737, from=User [id=114716051, first_name=Antonio, last_name=Furone, username=antoniofurone], date=1448809310, chat=Chat [id=114716051, first_name=Antonio, last_name=Furone, username=antoniofurone, title=, type=private], forward_from=null, forward_date=0, reply_to_message=null, text=/S, audio=null, document=null, photo=null]] 
16:01:58.994 [Thread-0] INFO  o.cysoft.urbanbot.main.UrbanbotMain - Received:Update [update_id=447316234, message=Message [message_id=739, from=User [id=114716051, first_name=Antonio, last_name=Furone, username=antoniofurone], date=1448809317, chat=Chat [id=114716051, first_name=Antonio, last_name=Furone, username=antoniofurone, title=, type=private], forward_from=null, forward_date=0, reply_to_message=null, text=Gggghhh, audio=null, document=null, photo=null]] 
16:02:42.018 [Thread-0] INFO  o.cysoft.urbanbot.main.UrbanbotMain - Received:Update [update_id=447316235, message=Message [message_id=741, from=User [id=114716051, first_name=Antonio, last_name=Furone, username=antoniofurone], date=1448809358, chat=Chat [id=114716051, first_name=Antonio, last_name=Furone, username=antoniofurone, title=, type=private], forward_from=null, forward_date=0, reply_to_message=null, text=null, audio=null, document=null, photo=[PhotoSize [file_id=AgADBAADuqcxG5Nt1gYtktCM0L__attfjzAABDvg9TQQ5o6O9XYAAgI, width=51, height=90, file_size=1478, file_path=], PhotoSize [file_id=AgADBAADuqcxG5Nt1gYtktCM0L__attfjzAABIJw6_5wy_5O9HYAAgI, width=180, height=320, file_size=17661, file_path=], PhotoSize [file_id=AgADBAADuqcxG5Nt1gYtktCM0L__attfjzAABJvcDTOkBEn083YAAgI, width=450, height=800, file_size=65563, file_path=], PhotoSize [file_id=AgADBAADuqcxG5Nt1gYtktCM0L__attfjzAABMclSjYvxuM28nYAAgI, width=720, height=1280, file_size=103569, file_path=]]]] 
16:02:42.491 [Thread-20] INFO  o.c.u.common.CyUrbanBotUtility - >>> httpDownload:https://api.telegram.org/file/bot130643009:AAGW77QBGQV4A7G494zA_w2DfzCR0zqULCM/photo/file_25.jpg;/home/antonio/cy-urbanbot/downloads/;photo/file_25.jpg 
16:02:43.313 [Thread-20] INFO  o.c.u.common.CyUrbanBotUtility - <<< httpDownload:https://api.telegram.org/file/bot130643009:AAGW77QBGQV4A7G494zA_w2DfzCR0zqULCM/photo/file_25.jpg;/home/antonio/cy-urbanbot/downloads/;photo/file_25.jpg 
16:02:43.314 [Thread-20] INFO  o.c.u.common.CyUrbanBotUtility - >>> httpUpload:http://localhost:8080/cy-bss-core/fileservice/file/upload;/home/antonio/cy-urbanbot/downloads/photo/file_25.jpg 
16:02:43.548 [Thread-20] INFO  o.c.u.common.CyUrbanBotUtility - <<< httpUpload:http://localhost:8080/cy-bss-core/fileservice/file/upload;/home/antonio/cy-urbanbot/downloads/photo/file_25.jpg 
16:03:02.860 [Thread-0] INFO  o.cysoft.urbanbot.main.UrbanbotMain - Received:Update [update_id=447316236, message=Message [message_id=744, from=User [id=114716051, first_name=Antonio, last_name=Furone, username=antoniofurone], date=1448809381, chat=Chat [id=114716051, first_name=Antonio, last_name=Furone, username=antoniofurone, title=, type=private], forward_from=null, forward_date=0, reply_to_message=null, text=null, audio=null, document=null, photo=null]] 
16:03:13.316 [Thread-0] INFO  o.cysoft.urbanbot.main.UrbanbotMain - Received:Update [update_id=447316237, message=Message [message_id=747, from=User [id=114716051, first_name=Antonio, last_name=Furone, username=antoniofurone], date=1448809391, chat=Chat [id=114716051, first_name=Antonio, last_name=Furone, username=antoniofurone, title=, type=private], forward_from=null, forward_date=0, reply_to_message=null, text=/B, audio=null, document=null, photo=null]] 
16:03:20.303 [Thread-0] INFO  o.cysoft.urbanbot.main.UrbanbotMain - Received:Update [update_id=447316238, message=Message [message_id=749, from=User [id=114716051, first_name=Antonio, last_name=Furone, username=antoniofurone], date=1448809400, chat=Chat [id=114716051, first_name=Antonio, last_name=Furone, username=antoniofurone, title=, type=private], forward_from=null, forward_date=0, reply_to_message=null, text=/B, audio=null, document=null, photo=null]] 
16:33:57.446 [main] INFO  o.cysoft.urbanbot.main.UrbanbotMain - >>> Start Urbanbot... 
16:33:57.450 [main] INFO  o.cysoft.urbanbot.main.UrbanbotMain - appName=urbanbot 
16:33:57.450 [main] INFO  o.cysoft.urbanbot.main.UrbanbotMain - coreUrl=http://localhost:8080/cy-bss-core 
16:33:57.450 [main] INFO  o.cysoft.urbanbot.main.UrbanbotMain - userId=cybss 
16:33:57.450 [main] INFO  o.cysoft.urbanbot.main.UrbanbotMain - userId=cybss 
16:33:57.451 [Thread-0] INFO  o.cysoft.urbanbot.main.UrbanbotMain - >>> Start Main Thread... 
16:33:58.455 [Thread-0] INFO  o.c.urbanbot.api.bss.CyBssCoreAPI - App [id=1, name=UrbanBot, descr=UrbanBot @ Carovigno] 
16:34:20.216 [Thread-0] INFO  o.cysoft.urbanbot.main.UrbanbotMain - Received:Update [update_id=447316239, message=Message [message_id=751, from=User [id=114716051, first_name=Antonio, last_name=Furone, username=antoniofurone], date=1448811258, chat=Chat [id=114716051, first_name=Antonio, last_name=Furone, username=antoniofurone, title=, type=private], forward_from=null, forward_date=0, reply_to_message=null, text=/Start, audio=null, document=null, photo=null]] 
16:34:31.051 [Thread-0] INFO  o.cysoft.urbanbot.main.UrbanbotMain - Received:Update [update_id=447316240, message=Message [message_id=753, from=User [id=114716051, first_name=Antonio, last_name=Furone, username=antoniofurone], date=1448811267, chat=Chat [id=114716051, first_name=Antonio, last_name=Furone, username=antoniofurone, title=, type=private], forward_from=null, forward_date=0, reply_to_message=null, text=/S, audio=null, document=null, photo=null]] 
16:34:41.423 [Thread-0] INFO  o.cysoft.urbanbot.main.UrbanbotMain - Received:Update [update_id=447316241, message=Message [message_id=755, from=User [id=114716051, first_name=Antonio, last_name=Furone, username=antoniofurone], date=1448811279, chat=Chat [id=114716051, first_name=Antonio, last_name=Furone, username=antoniofurone, title=, type=private], forward_from=null, forward_date=0, reply_to_message=null, text=/V, audio=null, document=null, photo=null]] 
16:36:24.056 [Thread-0] INFO  o.cysoft.urbanbot.main.UrbanbotMain - Received:Update [update_id=447316242, message=Message [message_id=757, from=User [id=114716051, first_name=Antonio, last_name=Furone, username=antoniofurone], date=1448811382, chat=Chat [id=114716051, first_name=Antonio, last_name=Furone, username=antoniofurone, title=, type=private], forward_from=null, forward_date=0, reply_to_message=null, text=/b, audio=null, document=null, photo=null]] 
16:50:01.023 [main] INFO  o.cysoft.urbanbot.main.UrbanbotMain - >>> Start Urbanbot... 
16:50:01.027 [main] INFO  o.cysoft.urbanbot.main.UrbanbotMain - appName=urbanbot 
16:50:01.028 [main] INFO  o.cysoft.urbanbot.main.UrbanbotMain - coreUrl=http://localhost:8080/cy-bss-core 
16:50:01.028 [main] INFO  o.cysoft.urbanbot.main.UrbanbotMain - userId=cybss 
16:50:01.028 [main] INFO  o.cysoft.urbanbot.main.UrbanbotMain - userId=cybss 
16:50:01.029 [Thread-0] INFO  o.cysoft.urbanbot.main.UrbanbotMain - >>> Start Main Thread... 
16:50:01.832 [Thread-0] INFO  o.c.urbanbot.api.bss.CyBssCoreAPI - App [id=1, name=UrbanBot, descr=UrbanBot @ Carovigno] 
16:50:24.061 [Thread-0] INFO  o.cysoft.urbanbot.main.UrbanbotMain - Received:Update [update_id=447316243, message=Message [message_id=759, from=User [id=114716051, first_name=Antonio, last_name=Furone, username=antoniofurone], date=1448812220, chat=Chat [id=114716051, first_name=Antonio, last_name=Furone, username=antoniofurone, title=, type=private], forward_from=null, forward_date=0, reply_to_message=null, text=/Start, audio=null, document=null, photo=null]] 
16:50:36.546 [Thread-0] INFO  o.cysoft.urbanbot.main.UrbanbotMain - Received:Update [update_id=447316244, message=Message [message_id=761, from=User [id=114716051, first_name=Antonio, last_name=Furone, username=antoniofurone], date=1448812235, chat=Chat [id=114716051, first_name=Antonio, last_name=Furone, username=antoniofurone, title=, type=private], forward_from=null, forward_date=0, reply_to_message=null, text=/S, audio=null, document=null, photo=null]] 
16:50:48.561 [Thread-0] INFO  o.cysoft.urbanbot.main.UrbanbotMain - Received:Update [update_id=447316245, message=Message [message_id=763, from=User [id=114716051, first_name=Antonio, last_name=Furone, username=antoniofurone], date=1448812245, chat=Chat [id=114716051, first_name=Antonio, last_name=Furone, username=antoniofurone, title=, type=private], forward_from=null, forward_date=0, reply_to_message=null, text=/V, audio=null, document=null, photo=null]] 
16:54:22.083 [main] INFO  o.cysoft.urbanbot.main.UrbanbotMain - >>> Start Urbanbot... 
16:54:22.086 [main] INFO  o.cysoft.urbanbot.main.UrbanbotMain - appName=urbanbot 
16:54:22.087 [main] INFO  o.cysoft.urbanbot.main.UrbanbotMain - coreUrl=http://localhost:8080/cy-bss-core 
16:54:22.087 [main] INFO  o.cysoft.urbanbot.main.UrbanbotMain - userId=cybss 
16:54:22.087 [main] INFO  o.cysoft.urbanbot.main.UrbanbotMain - userId=cybss 
16:54:22.088 [Thread-0] INFO  o.cysoft.urbanbot.main.UrbanbotMain - >>> Start Main Thread... 
16:54:23.093 [Thread-0] INFO  o.c.urbanbot.api.bss.CyBssCoreAPI - App [id=1, name=UrbanBot, descr=UrbanBot @ Carovigno] 
16:54:50.722 [Thread-0] INFO  o.cysoft.urbanbot.main.UrbanbotMain - Received:Update [update_id=447316246, message=Message [message_id=766, from=User [id=114716051, first_name=Antonio, last_name=Furone, username=antoniofurone], date=1448812489, chat=Chat [id=114716051, first_name=Antonio, last_name=Furone, username=antoniofurone, title=, type=private], forward_from=null, forward_date=0, reply_to_message=null, text=/Start, audio=null, document=null, photo=null]] 
16:55:06.929 [Thread-0] INFO  o.cysoft.urbanbot.main.UrbanbotMain - Received:Update [update_id=447316247, message=Message [message_id=768, from=User [id=114716051, first_name=Antonio, last_name=Furone, username=antoniofurone], date=1448812504, chat=Chat [id=114716051, first_name=Antonio, last_name=Furone, username=antoniofurone, title=, type=private], forward_from=null, forward_date=0, reply_to_message=null, text=/S, audio=null, document=null, photo=null]] 
16:55:18.999 [Thread-0] INFO  o.cysoft.urbanbot.main.UrbanbotMain - Received:Update [update_id=447316248, message=Message [message_id=770, from=User [id=114716051, first_name=Antonio, last_name=Furone, username=antoniofurone], date=1448812515, chat=Chat [id=114716051, first_name=Antonio, last_name=Furone, username=antoniofurone, title=, type=private], forward_from=null, forward_date=0, reply_to_message=null, text=/V, audio=null, document=null, photo=null]] 
16:58:31.846 [main] INFO  o.cysoft.urbanbot.main.UrbanbotMain - >>> Start Urbanbot... 
16:58:31.850 [main] INFO  o.cysoft.urbanbot.main.UrbanbotMain - appName=urbanbot 
16:58:31.850 [main] INFO  o.cysoft.urbanbot.main.UrbanbotMain - coreUrl=http://localhost:8080/cy-bss-core 
16:58:31.850 [main] INFO  o.cysoft.urbanbot.main.UrbanbotMain - userId=cybss 
16:58:31.850 [main] INFO  o.cysoft.urbanbot.main.UrbanbotMain - userId=cybss 
16:58:31.851 [Thread-0] INFO  o.cysoft.urbanbot.main.UrbanbotMain - >>> Start Main Thread... 
16:58:32.816 [Thread-0] INFO  o.c.urbanbot.api.bss.CyBssCoreAPI - App [id=1, name=UrbanBot, descr=UrbanBot @ Carovigno] 
16:59:06.677 [Thread-0] INFO  o.cysoft.urbanbot.main.UrbanbotMain - Received:Update [update_id=447316249, message=Message [message_id=773, from=User [id=114716051, first_name=Antonio, last_name=Furone, username=antoniofurone], date=1448812741, chat=Chat [id=114716051, first_name=Antonio, last_name=Furone, username=antoniofurone, title=, type=private], forward_from=null, forward_date=0, reply_to_message=null, text=/Start, audio=null, document=null, photo=null]] 
16:59:19.016 [Thread-0] INFO  o.cysoft.urbanbot.main.UrbanbotMain - Received:Update [update_id=447316250, message=Message [message_id=775, from=User [id=114716051, first_name=Antonio, last_name=Furone, username=antoniofurone], date=1448812756, chat=Chat [id=114716051, first_name=Antonio, last_name=Furone, username=antoniofurone, title=, type=private], forward_from=null, forward_date=0, reply_to_message=null, text=/S, audio=null, document=null, photo=null]] 
16:59:39.752 [Thread-0] INFO  o.cysoft.urbanbot.main.UrbanbotMain - Received:Update [update_id=447316251, message=Message [message_id=777, from=User [id=114716051, first_name=Antonio, last_name=Furone, username=antoniofurone], date=1448812778, chat=Chat [id=114716051, first_name=Antonio, last_name=Furone, username=antoniofurone, title=, type=private], forward_from=null, forward_date=0, reply_to_message=null, text=/v, audio=null, document=null, photo=null]] 
17:15:57.836 [main] INFO  o.cysoft.urbanbot.main.UrbanbotMain - >>> Start Urbanbot... 
17:15:57.840 [main] INFO  o.cysoft.urbanbot.main.UrbanbotMain - appName=urbanbot 
17:15:57.841 [main] INFO  o.cysoft.urbanbot.main.UrbanbotMain - coreUrl=http://localhost:8080/cy-bss-core 
17:15:57.841 [main] INFO  o.cysoft.urbanbot.main.UrbanbotMain - userId=cybss 
17:15:57.841 [main] INFO  o.cysoft.urbanbot.main.UrbanbotMain - userId=cybss 
17:15:57.841 [Thread-0] INFO  o.cysoft.urbanbot.main.UrbanbotMain - >>> Start Main Thread... 
17:15:58.742 [Thread-0] INFO  o.c.urbanbot.api.bss.CyBssCoreAPI - App [id=1, name=UrbanBot, descr=UrbanBot @ Carovigno] 
17:16:21.781 [Thread-0] INFO  o.cysoft.urbanbot.main.UrbanbotMain - Received:Update [update_id=447316252, message=Message [message_id=779, from=User [id=114716051, first_name=Antonio, last_name=Furone, username=antoniofurone], date=1448813779, chat=Chat [id=114716051, first_name=Antonio, last_name=Furone, username=antoniofurone, title=, type=private], forward_from=null, forward_date=0, reply_to_message=null, text=/Start, audio=null, document=null, photo=null]] 
17:16:31.393 [Thread-0] INFO  o.cysoft.urbanbot.main.UrbanbotMain - Received:Update [update_id=447316253, message=Message [message_id=781, from=User [id=114716051, first_name=Antonio, last_name=Furone, username=antoniofurone], date=1448813789, chat=Chat [id=114716051, first_name=Antonio, last_name=Furone, username=antoniofurone, title=, type=private], forward_from=null, forward_date=0, reply_to_message=null, text=/S, audio=null, document=null, photo=null]] 
17:16:40.095 [Thread-0] INFO  o.cysoft.urbanbot.main.UrbanbotMain - Received:Update [update_id=447316254, message=Message [message_id=783, from=User [id=114716051, first_name=Antonio, last_name=Furone, username=antoniofurone], date=1448813798, chat=Chat [id=114716051, first_name=Antonio, last_name=Furone, username=antoniofurone, title=, type=private], forward_from=null, forward_date=0, reply_to_message=null, text=/V, audio=null, document=null, photo=null]] 
17:16:52.982 [Thread-0] INFO  o.cysoft.urbanbot.main.UrbanbotMain - Received:Update [update_id=447316255, message=Message [message_id=785, from=User [id=114716051, first_name=Antonio, last_name=Furone, username=antoniofurone], date=1448813812, chat=Chat [id=114716051, first_name=Antonio, last_name=Furone, username=antoniofurone, title=, type=private], forward_from=null, forward_date=0, reply_to_message=null, text=/B, audio=null, document=null, photo=null]] 
17:17:25.488 [Thread-0] INFO  o.cysoft.urbanbot.main.UrbanbotMain - Received:Update [update_id=447316256, message=Message [message_id=787, from=User [id=114716051, first_name=Antonio, last_name=Furone, username=antoniofurone], date=1448813842, chat=Chat [id=114716051, first_name=Antonio, last_name=Furone, username=antoniofurone, title=, type=private], forward_from=null, forward_date=0, reply_to_message=null, text=/V, audio=null, document=null, photo=null]] 
17:18:44.067 [Thread-0] INFO  o.cysoft.urbanbot.main.UrbanbotMain - Received:Update [update_id=447316257, message=Message [message_id=789, from=User [id=114716051, first_name=Antonio, last_name=Furone, username=antoniofurone], date=1448813922, chat=Chat [id=114716051, first_name=Antonio, last_name=Furone, username=antoniofurone, title=, type=private], forward_from=null, forward_date=0, reply_to_message=null, text=/B, audio=null, document=null, photo=null]] 
17:18:55.333 [Thread-0] INFO  o.cysoft.urbanbot.main.UrbanbotMain - Received:Update [update_id=447316258, message=Message [message_id=791, from=User [id=114716051, first_name=Antonio, last_name=Furone, username=antoniofurone], date=1448813932, chat=Chat [id=114716051, first_name=Antonio, last_name=Furone, username=antoniofurone, title=, type=private], forward_from=null, forward_date=0, reply_to_message=null, text=/V, audio=null, document=null, photo=null]] 
17:35:08.602 [main] INFO  o.cysoft.urbanbot.main.UrbanbotMain - >>> Start Urbanbot... 
17:35:08.606 [main] INFO  o.cysoft.urbanbot.main.UrbanbotMain - appName=urbanbot 
17:35:08.606 [main] INFO  o.cysoft.urbanbot.main.UrbanbotMain - coreUrl=http://localhost:8080/cy-bss-core 
17:35:08.606 [main] INFO  o.cysoft.urbanbot.main.UrbanbotMain - userId=cybss 
17:35:08.606 [main] INFO  o.cysoft.urbanbot.main.UrbanbotMain - userId=cybss 
17:35:08.607 [Thread-0] INFO  o.cysoft.urbanbot.main.UrbanbotMain - >>> Start Main Thread... 
17:35:09.560 [Thread-0] INFO  o.c.urbanbot.api.bss.CyBssCoreAPI - App [id=1, name=UrbanBot, descr=UrbanBot @ Carovigno] 
17:35:29.125 [Thread-0] INFO  o.cysoft.urbanbot.main.UrbanbotMain - Received:Update [update_id=447316259, message=Message [message_id=793, from=User [id=114716051, first_name=Antonio, last_name=Furone, username=antoniofurone], date=1448814926, chat=Chat [id=114716051, first_name=Antonio, last_name=Furone, username=antoniofurone, title=, type=private], forward_from=null, forward_date=0, reply_to_message=null, text=/Start, audio=null, document=null, photo=null]] 
17:35:36.638 [Thread-0] INFO  o.cysoft.urbanbot.main.UrbanbotMain - Received:Update [update_id=447316260, message=Message [message_id=795, from=User [id=114716051, first_name=Antonio, last_name=Furone, username=antoniofurone], date=1448814936, chat=Chat [id=114716051, first_name=Antonio, last_name=Furone, username=antoniofurone, title=, type=private], forward_from=null, forward_date=0, reply_to_message=null, text=/S, audio=null, document=null, photo=null]] 
17:35:48.192 [Thread-0] INFO  o.cysoft.urbanbot.main.UrbanbotMain - Received:Update [update_id=447316261, message=Message [message_id=797, from=User [id=114716051, first_name=Antonio, last_name=Furone, username=antoniofurone], date=1448814944, chat=Chat [id=114716051, first_name=Antonio, last_name=Furone, username=antoniofurone, title=, type=private], forward_from=null, forward_date=0, reply_to_message=null, text=/V, audio=null, document=null, photo=null]] 
17:35:59.360 [Thread-0] INFO  o.cysoft.urbanbot.main.UrbanbotMain - Received:Update [update_id=447316262, message=Message [message_id=799, from=User [id=114716051, first_name=Antonio, last_name=Furone, username=antoniofurone], date=1448814958, chat=Chat [id=114716051, first_name=Antonio, last_name=Furone, username=antoniofurone, title=, type=private], forward_from=null, forward_date=0, reply_to_message=null, text=/V er, audio=null, document=null, photo=null]] 
17:36:38.567 [Thread-0] INFO  o.cysoft.urbanbot.main.UrbanbotMain - Received:Update [update_id=447316263, message=Message [message_id=801, from=User [id=114716051, first_name=Antonio, last_name=Furone, username=antoniofurone], date=1448814998, chat=Chat [id=114716051, first_name=Antonio, last_name=Furone, username=antoniofurone, title=, type=private], forward_from=null, forward_date=0, reply_to_message=null, text=/V 3, audio=null, document=null, photo=null]] 
17:38:18.837 [Thread-0] INFO  o.cysoft.urbanbot.main.UrbanbotMain - Received:Update [update_id=447316264, message=Message [message_id=803, from=User [id=114716051, first_name=Antonio, last_name=Furone, username=antoniofurone], date=1448815098, chat=Chat [id=114716051, first_name=Antonio, last_name=Furone, username=antoniofurone, title=, type=private], forward_from=null, forward_date=0, reply_to_message=null, text=/V 3, audio=null, document=null, photo=null]] 
17:39:07.192 [main] INFO  o.cysoft.urbanbot.main.UrbanbotMain - >>> Start Urbanbot... 
17:39:07.195 [main] INFO  o.cysoft.urbanbot.main.UrbanbotMain - appName=urbanbot 
17:39:07.196 [main] INFO  o.cysoft.urbanbot.main.UrbanbotMain - coreUrl=http://localhost:8080/cy-bss-core 
17:39:07.196 [main] INFO  o.cysoft.urbanbot.main.UrbanbotMain - userId=cybss 
17:39:07.196 [main] INFO  o.cysoft.urbanbot.main.UrbanbotMain - userId=cybss 
17:39:07.197 [Thread-0] INFO  o.cysoft.urbanbot.main.UrbanbotMain - >>> Start Main Thread... 
17:39:08.129 [Thread-0] INFO  o.c.urbanbot.api.bss.CyBssCoreAPI - App [id=1, name=UrbanBot, descr=UrbanBot @ Carovigno] 
17:39:34.145 [Thread-0] INFO  o.cysoft.urbanbot.main.UrbanbotMain - Received:Update [update_id=447316265, message=Message [message_id=805, from=User [id=114716051, first_name=Antonio, last_name=Furone, username=antoniofurone], date=1448815172, chat=Chat [id=114716051, first_name=Antonio, last_name=Furone, username=antoniofurone, title=, type=private], forward_from=null, forward_date=0, reply_to_message=null, text=/Start, audio=null, document=null, photo=null]] 
17:39:41.480 [Thread-0] INFO  o.cysoft.urbanbot.main.UrbanbotMain - Received:Update [update_id=447316266, message=Message [message_id=807, from=User [id=114716051, first_name=Antonio, last_name=Furone, username=antoniofurone], date=1448815181, chat=Chat [id=114716051, first_name=Antonio, last_name=Furone, username=antoniofurone, title=, type=private], forward_from=null, forward_date=0, reply_to_message=null, text=/S, audio=null, document=null, photo=null]] 
17:39:48.705 [Thread-0] INFO  o.cysoft.urbanbot.main.UrbanbotMain - Received:Update [update_id=447316267, message=Message [message_id=809, from=User [id=114716051, first_name=Antonio, last_name=Furone, username=antoniofurone], date=1448815187, chat=Chat [id=114716051, first_name=Antonio, last_name=Furone, username=antoniofurone, title=, type=private], forward_from=null, forward_date=0, reply_to_message=null, text=/V, audio=null, document=null, photo=null]] 
17:39:59.439 [Thread-0] INFO  o.cysoft.urbanbot.main.UrbanbotMain - Received:Update [update_id=447316268, message=Message [message_id=811, from=User [id=114716051, first_name=Antonio, last_name=Furone, username=antoniofurone], date=1448815197, chat=Chat [id=114716051, first_name=Antonio, last_name=Furone, username=antoniofurone, title=, type=private], forward_from=null, forward_date=0, reply_to_message=null, text=/V 3, audio=null, document=null, photo=null]] 
17:41:36.138 [main] INFO  o.cysoft.urbanbot.main.UrbanbotMain - >>> Start Urbanbot... 
17:41:36.142 [main] INFO  o.cysoft.urbanbot.main.UrbanbotMain - appName=urbanbot 
17:41:36.143 [main] INFO  o.cysoft.urbanbot.main.UrbanbotMain - coreUrl=http://localhost:8080/cy-bss-core 
17:41:36.143 [main] INFO  o.cysoft.urbanbot.main.UrbanbotMain - userId=cybss 
17:41:36.143 [main] INFO  o.cysoft.urbanbot.main.UrbanbotMain - userId=cybss 
17:41:36.143 [Thread-0] INFO  o.cysoft.urbanbot.main.UrbanbotMain - >>> Start Main Thread... 
17:41:37.135 [Thread-0] INFO  o.c.urbanbot.api.bss.CyBssCoreAPI - App [id=1, name=UrbanBot, descr=UrbanBot @ Carovigno] 
17:41:59.741 [Thread-0] INFO  o.cysoft.urbanbot.main.UrbanbotMain - Received:Update [update_id=447316269, message=Message [message_id=813, from=User [id=114716051, first_name=Antonio, last_name=Furone, username=antoniofurone], date=1448815317, chat=Chat [id=114716051, first_name=Antonio, last_name=Furone, username=antoniofurone, title=, type=private], forward_from=null, forward_date=0, reply_to_message=null, text=/Start, audio=null, document=null, photo=null]] 
17:42:06.956 [Thread-0] INFO  o.cysoft.urbanbot.main.UrbanbotMain - Received:Update [update_id=447316270, message=Message [message_id=815, from=User [id=114716051, first_name=Antonio, last_name=Furone, username=antoniofurone], date=1448815325, chat=Chat [id=114716051, first_name=Antonio, last_name=Furone, username=antoniofurone, title=, type=private], forward_from=null, forward_date=0, reply_to_message=null, text=/S, audio=null, document=null, photo=null]] 
17:42:14.924 [Thread-0] INFO  o.cysoft.urbanbot.main.UrbanbotMain - Received:Update [update_id=447316271, message=Message [message_id=817, from=User [id=114716051, first_name=Antonio, last_name=Furone, username=antoniofurone], date=1448815332, chat=Chat [id=114716051, first_name=Antonio, last_name=Furone, username=antoniofurone, title=, type=private], forward_from=null, forward_date=0, reply_to_message=null, text=/V, audio=null, document=null, photo=null]] 
17:42:33.921 [Thread-0] INFO  o.cysoft.urbanbot.main.UrbanbotMain - Received:Update [update_id=447316272, message=Message [message_id=819, from=User [id=114716051, first_name=Antonio, last_name=Furone, username=antoniofurone], date=1448815350, chat=Chat [id=114716051, first_name=Antonio, last_name=Furone, username=antoniofurone, title=, type=private], forward_from=null, forward_date=0, reply_to_message=null, text=/V 3, audio=null, document=null, photo=null]] 
17:44:33.961 [main] INFO  o.cysoft.urbanbot.main.UrbanbotMain - >>> Start Urbanbot... 
17:44:33.965 [main] INFO  o.cysoft.urbanbot.main.UrbanbotMain - appName=urbanbot 
17:44:33.965 [main] INFO  o.cysoft.urbanbot.main.UrbanbotMain - coreUrl=http://localhost:8080/cy-bss-core 
17:44:33.965 [main] INFO  o.cysoft.urbanbot.main.UrbanbotMain - userId=cybss 
17:44:33.966 [main] INFO  o.cysoft.urbanbot.main.UrbanbotMain - userId=cybss 
17:44:33.966 [Thread-0] INFO  o.cysoft.urbanbot.main.UrbanbotMain - >>> Start Main Thread... 
17:44:34.997 [Thread-0] INFO  o.c.urbanbot.api.bss.CyBssCoreAPI - App [id=1, name=UrbanBot, descr=UrbanBot @ Carovigno] 
17:44:54.625 [Thread-0] INFO  o.cysoft.urbanbot.main.UrbanbotMain - Received:Update [update_id=447316273, message=Message [message_id=821, from=User [id=114716051, first_name=Antonio, last_name=Furone, username=antoniofurone], date=1448815491, chat=Chat [id=114716051, first_name=Antonio, last_name=Furone, username=antoniofurone, title=, type=private], forward_from=null, forward_date=0, reply_to_message=null, text=/Start, audio=null, document=null, photo=null]] 
17:45:01.923 [Thread-0] INFO  o.cysoft.urbanbot.main.UrbanbotMain - Received:Update [update_id=447316274, message=Message [message_id=823, from=User [id=114716051, first_name=Antonio, last_name=Furone, username=antoniofurone], date=1448815500, chat=Chat [id=114716051, first_name=Antonio, last_name=Furone, username=antoniofurone, title=, type=private], forward_from=null, forward_date=0, reply_to_message=null, text=/S, audio=null, document=null, photo=null]] 
17:45:12.800 [Thread-0] INFO  o.cysoft.urbanbot.main.UrbanbotMain - Received:Update [update_id=447316275, message=Message [message_id=825, from=User [id=114716051, first_name=Antonio, last_name=Furone, username=antoniofurone], date=1448815509, chat=Chat [id=114716051, first_name=Antonio, last_name=Furone, username=antoniofurone, title=, type=private], forward_from=null, forward_date=0, reply_to_message=null, text=/V, audio=null, document=null, photo=null]] 
17:45:31.348 [Thread-0] INFO  o.cysoft.urbanbot.main.UrbanbotMain - Received:Update [update_id=447316276, message=Message [message_id=827, from=User [id=114716051, first_name=Antonio, last_name=Furone, username=antoniofurone], date=1448815528, chat=Chat [id=114716051, first_name=Antonio, last_name=Furone, username=antoniofurone, title=, type=private], forward_from=null, forward_date=0, reply_to_message=null, text=/V 3, audio=null, document=null, photo=null]] 
17:48:30.270 [main] INFO  o.cysoft.urbanbot.main.UrbanbotMain - >>> Start Urbanbot... 
17:48:30.274 [main] INFO  o.cysoft.urbanbot.main.UrbanbotMain - appName=urbanbot 
17:48:30.275 [main] INFO  o.cysoft.urbanbot.main.UrbanbotMain - coreUrl=http://localhost:8080/cy-bss-core 
17:48:30.275 [main] INFO  o.cysoft.urbanbot.main.UrbanbotMain - userId=cybss 
17:48:30.275 [main] INFO  o.cysoft.urbanbot.main.UrbanbotMain - userId=cybss 
17:48:30.275 [Thread-0] INFO  o.cysoft.urbanbot.main.UrbanbotMain - >>> Start Main Thread... 
17:48:31.223 [Thread-0] INFO  o.c.urbanbot.api.bss.CyBssCoreAPI - App [id=1, name=UrbanBot, descr=UrbanBot @ Carovigno] 
17:48:57.700 [Thread-0] INFO  o.cysoft.urbanbot.main.UrbanbotMain - Received:Update [update_id=447316277, message=Message [message_id=829, from=User [id=114716051, first_name=Antonio, last_name=Furone, username=antoniofurone], date=1448815735, chat=Chat [id=114716051, first_name=Antonio, last_name=Furone, username=antoniofurone, title=, type=private], forward_from=null, forward_date=0, reply_to_message=null, text=/Start, audio=null, document=null, photo=null]] 
17:49:08.719 [Thread-0] INFO  o.cysoft.urbanbot.main.UrbanbotMain - Received:Update [update_id=447316278, message=Message [message_id=831, from=User [id=114716051, first_name=Antonio, last_name=Furone, username=antoniofurone], date=1448815746, chat=Chat [id=114716051, first_name=Antonio, last_name=Furone, username=antoniofurone, title=, type=private], forward_from=null, forward_date=0, reply_to_message=null, text=/S, audio=null, document=null, photo=null]] 
17:49:16.055 [Thread-0] INFO  o.cysoft.urbanbot.main.UrbanbotMain - Received:Update [update_id=447316279, message=Message [message_id=833, from=User [id=114716051, first_name=Antonio, last_name=Furone, username=antoniofurone], date=1448815754, chat=Chat [id=114716051, first_name=Antonio, last_name=Furone, username=antoniofurone, title=, type=private], forward_from=null, forward_date=0, reply_to_message=null, text=/V, audio=null, document=null, photo=null]] 
17:49:30.635 [Thread-0] INFO  o.cysoft.urbanbot.main.UrbanbotMain - Received:Update [update_id=447316280, message=Message [message_id=835, from=User [id=114716051, first_name=Antonio, last_name=Furone, username=antoniofurone], date=1448815769, chat=Chat [id=114716051, first_name=Antonio, last_name=Furone, username=antoniofurone, title=, type=private], forward_from=null, forward_date=0, reply_to_message=null, text=/V 3, audio=null, document=null, photo=null]] 
18:14:22.786 [main] INFO  o.cysoft.urbanbot.main.UrbanbotMain - >>> Start Urbanbot... 
18:14:22.790 [main] INFO  o.cysoft.urbanbot.main.UrbanbotMain - appName=urbanbot 
18:14:22.791 [main] INFO  o.cysoft.urbanbot.main.UrbanbotMain - coreUrl=http://localhost:8080/cy-bss-core 
18:14:22.792 [main] INFO  o.cysoft.urbanbot.main.UrbanbotMain - userId=cybss 
18:14:22.792 [main] INFO  o.cysoft.urbanbot.main.UrbanbotMain - userId=cybss 
18:14:22.792 [Thread-0] INFO  o.cysoft.urbanbot.main.UrbanbotMain - >>> Start Main Thread... 
18:14:23.663 [Thread-0] INFO  o.c.urbanbot.api.bss.CyBssCoreAPI - App [id=1, name=UrbanBot, descr=UrbanBot @ Carovigno] 
18:18:35.629 [main] INFO  o.cysoft.urbanbot.main.UrbanbotMain - >>> Start Urbanbot... 
18:18:35.633 [main] INFO  o.cysoft.urbanbot.main.UrbanbotMain - appName=urbanbot 
18:18:35.633 [main] INFO  o.cysoft.urbanbot.main.UrbanbotMain - coreUrl=http://localhost:8080/cy-bss-core 
18:18:35.633 [main] INFO  o.cysoft.urbanbot.main.UrbanbotMain - userId=cybss 
18:18:35.633 [main] INFO  o.cysoft.urbanbot.main.UrbanbotMain - userId=cybss 
18:18:35.634 [Thread-0] INFO  o.cysoft.urbanbot.main.UrbanbotMain - >>> Start Main Thread... 
18:18:36.601 [Thread-0] INFO  o.c.urbanbot.api.bss.CyBssCoreAPI - App [id=1, name=UrbanBot, descr=UrbanBot @ Carovigno] 
18:19:01.669 [Thread-0] INFO  o.cysoft.urbanbot.main.UrbanbotMain - Received:Update [update_id=447316281, message=Message [message_id=837, from=User [id=114716051, first_name=Antonio, last_name=Furone, username=antoniofurone], date=1448817538, chat=Chat [id=114716051, first_name=Antonio, last_name=Furone, username=antoniofurone, title=, type=private], forward_from=null, forward_date=0, reply_to_message=null, text=/Start, audio=null, document=null, photo=null]] 
18:19:08.773 [Thread-0] INFO  o.cysoft.urbanbot.main.UrbanbotMain - Received:Update [update_id=447316282, message=Message [message_id=839, from=User [id=114716051, first_name=Antonio, last_name=Furone, username=antoniofurone], date=1448817547, chat=Chat [id=114716051, first_name=Antonio, last_name=Furone, username=antoniofurone, title=, type=private], forward_from=null, forward_date=0, reply_to_message=null, text=/S, audio=null, document=null, photo=null]] 
18:19:15.774 [Thread-0] INFO  o.cysoft.urbanbot.main.UrbanbotMain - Received:Update [update_id=447316283, message=Message [message_id=841, from=User [id=114716051, first_name=Antonio, last_name=Furone, username=antoniofurone], date=1448817554, chat=Chat [id=114716051, first_name=Antonio, last_name=Furone, username=antoniofurone, title=, type=private], forward_from=null, forward_date=0, reply_to_message=null, text=/S, audio=null, document=null, photo=null]] 
18:19:29.735 [Thread-0] INFO  o.cysoft.urbanbot.main.UrbanbotMain - Received:Update [update_id=447316284, message=Message [message_id=843, from=User [id=114716051, first_name=Antonio, last_name=Furone, username=antoniofurone], date=1448817566, chat=Chat [id=114716051, first_name=Antonio, last_name=Furone, username=antoniofurone, title=, type=private], forward_from=null, forward_date=0, reply_to_message=null, text=Test location, audio=null, document=null, photo=null]] 
18:19:50.769 [Thread-0] INFO  o.cysoft.urbanbot.main.UrbanbotMain - Received:Update [update_id=447316285, message=Message [message_id=845, from=User [id=114716051, first_name=Antonio, last_name=Furone, username=antoniofurone], date=1448817589, chat=Chat [id=114716051, first_name=Antonio, last_name=Furone, username=antoniofurone, title=, type=private], forward_from=null, forward_date=0, reply_to_message=null, text=null, audio=null, document=null, photo=null]] 
18:20:01.302 [Thread-0] INFO  o.cysoft.urbanbot.main.UrbanbotMain - Received:Update [update_id=447316286, message=Message [message_id=848, from=User [id=114716051, first_name=Antonio, last_name=Furone, username=antoniofurone], date=1448817598, chat=Chat [id=114716051, first_name=Antonio, last_name=Furone, username=antoniofurone, title=, type=private], forward_from=null, forward_date=0, reply_to_message=null, text=/B, audio=null, document=null, photo=null]] 
18:20:08.305 [Thread-0] INFO  o.cysoft.urbanbot.main.UrbanbotMain - Received:Update [update_id=447316287, message=Message [message_id=850, from=User [id=114716051, first_name=Antonio, last_name=Furone, username=antoniofurone], date=1448817607, chat=Chat [id=114716051, first_name=Antonio, last_name=Furone, username=antoniofurone, title=, type=private], forward_from=null, forward_date=0, reply_to_message=null, text=/V, audio=null, document=null, photo=null]] 
18:20:25.539 [Thread-0] INFO  o.cysoft.urbanbot.main.UrbanbotMain - Received:Update [update_id=447316288, message=Message [message_id=852, from=User [id=114716051, first_name=Antonio, last_name=Furone, username=antoniofurone], date=1448817623, chat=Chat [id=114716051, first_name=Antonio, last_name=Furone, username=antoniofurone, title=, type=private], forward_from=null, forward_date=0, reply_to_message=null, text=/V 20, audio=null, document=null, photo=null]] 
18:21:07.184 [Thread-0] INFO  o.cysoft.urbanbot.main.UrbanbotMain - Received:Update [update_id=447316289, message=Message [message_id=854, from=User [id=114716051, first_name=Antonio, last_name=Furone, username=antoniofurone], date=1448817665, chat=Chat [id=114716051, first_name=Antonio, last_name=Furone, username=antoniofurone, title=, type=private], forward_from=null, forward_date=0, reply_to_message=null, text=/V 24, audio=null, document=null, photo=null]] 
18:21:08.217 [Thread-11] INFO  o.c.u.api.telegram.TelegramAPI - response received={"ok":true,"result":{"message_id":856,"from":{"id":130643009,"first_name":"afbot","username":"afbot_bot"},"chat":{"id":114716051,"first_name":"Antonio","last_name":"Furone","username":"antoniofurone","type":"private"},"date":1448817668,"reply_to_message":{"message_id":854,"from":{"id":114716051,"first_name":"Antonio","last_name":"Furone","username":"antoniofurone"},"chat":{"id":114716051,"first_name":"Antonio","last_name":"Furone","username":"antoniofurone","type":"private"},"date":1448817665,"text":"\/V 24"},"location":{"longitude":-52.383880,"latitude":-17.423538}}} 
18:27:32.068 [main] INFO  o.cysoft.urbanbot.main.UrbanbotMain - >>> Start Urbanbot... 
18:27:32.072 [main] INFO  o.cysoft.urbanbot.main.UrbanbotMain - appName=urbanbot 
18:27:32.072 [main] INFO  o.cysoft.urbanbot.main.UrbanbotMain - coreUrl=http://localhost:8080/cy-bss-core 
18:27:32.072 [main] INFO  o.cysoft.urbanbot.main.UrbanbotMain - userId=cybss 
18:27:32.073 [main] INFO  o.cysoft.urbanbot.main.UrbanbotMain - userId=cybss 
18:27:32.073 [Thread-0] INFO  o.cysoft.urbanbot.main.UrbanbotMain - >>> Start Main Thread... 
18:27:33.191 [Thread-0] INFO  o.c.urbanbot.api.bss.CyBssCoreAPI - App [id=1, name=UrbanBot, descr=UrbanBot @ Carovigno] 
18:27:58.419 [Thread-0] INFO  o.cysoft.urbanbot.main.UrbanbotMain - Received:Update [update_id=447316290, message=Message [message_id=857, from=User [id=114716051, first_name=Antonio, last_name=Furone, username=antoniofurone], date=1448818075, chat=Chat [id=114716051, first_name=Antonio, last_name=Furone, username=antoniofurone, title=, type=private], forward_from=null, forward_date=0, reply_to_message=null, text=/StArt, audio=null, document=null, photo=null]] 
18:28:08.955 [Thread-0] INFO  o.cysoft.urbanbot.main.UrbanbotMain - Received:Update [update_id=447316291, message=Message [message_id=859, from=User [id=114716051, first_name=Antonio, last_name=Furone, username=antoniofurone], date=1448818087, chat=Chat [id=114716051, first_name=Antonio, last_name=Furone, username=antoniofurone, title=, type=private], forward_from=null, forward_date=0, reply_to_message=null, text=/S, audio=null, document=null, photo=null]] 
18:28:15.918 [Thread-0] INFO  o.cysoft.urbanbot.main.UrbanbotMain - Received:Update [update_id=447316292, message=Message [message_id=861, from=User [id=114716051, first_name=Antonio, last_name=Furone, username=antoniofurone], date=1448818095, chat=Chat [id=114716051, first_name=Antonio, last_name=Furone, username=antoniofurone, title=, type=private], forward_from=null, forward_date=0, reply_to_message=null, text=/V, audio=null, document=null, photo=null]] 
18:29:48.245 [main] INFO  o.cysoft.urbanbot.main.UrbanbotMain - >>> Start Urbanbot... 
18:29:48.249 [main] INFO  o.cysoft.urbanbot.main.UrbanbotMain - appName=urbanbot 
18:29:48.250 [main] INFO  o.cysoft.urbanbot.main.UrbanbotMain - coreUrl=http://localhost:8080/cy-bss-core 
18:29:48.250 [main] INFO  o.cysoft.urbanbot.main.UrbanbotMain - userId=cybss 
18:29:48.250 [main] INFO  o.cysoft.urbanbot.main.UrbanbotMain - userId=cybss 
18:29:48.251 [Thread-0] INFO  o.cysoft.urbanbot.main.UrbanbotMain - >>> Start Main Thread... 
18:29:49.132 [Thread-0] INFO  o.c.urbanbot.api.bss.CyBssCoreAPI - App [id=1, name=UrbanBot, descr=UrbanBot @ Carovigno] 
18:30:10.929 [Thread-0] INFO  o.cysoft.urbanbot.main.UrbanbotMain - Received:Update [update_id=447316293, message=Message [message_id=863, from=User [id=114716051, first_name=Antonio, last_name=Furone, username=antoniofurone], date=1448818208, chat=Chat [id=114716051, first_name=Antonio, last_name=Furone, username=antoniofurone, title=, type=private], forward_from=null, forward_date=0, reply_to_message=null, text=/Start, audio=null, document=null, photo=null]] 
18:30:21.786 [Thread-0] INFO  o.cysoft.urbanbot.main.UrbanbotMain - Received:Update [update_id=447316294, message=Message [message_id=865, from=User [id=114716051, first_name=Antonio, last_name=Furone, username=antoniofurone], date=1448818218, chat=Chat [id=114716051, first_name=Antonio, last_name=Furone, username=antoniofurone, title=, type=private], forward_from=null, forward_date=0, reply_to_message=null, text=/S, audio=null, document=null, photo=null]] 
18:30:29.296 [Thread-0] INFO  o.cysoft.urbanbot.main.UrbanbotMain - Received:Update [update_id=447316295, message=Message [message_id=867, from=User [id=114716051, first_name=Antonio, last_name=Furone, username=antoniofurone], date=1448818227, chat=Chat [id=114716051, first_name=Antonio, last_name=Furone, username=antoniofurone, title=, type=private], forward_from=null, forward_date=0, reply_to_message=null, text=/V, audio=null, document=null, photo=null]] 
18:30:53.835 [Thread-0] INFO  o.cysoft.urbanbot.main.UrbanbotMain - Received:Update [update_id=447316296, message=Message [message_id=869, from=User [id=114716051, first_name=Antonio, last_name=Furone, username=antoniofurone], date=1448818252, chat=Chat [id=114716051, first_name=Antonio, last_name=Furone, username=antoniofurone, title=, type=private], forward_from=null, forward_date=0, reply_to_message=null, text=/V 24, audio=null, document=null, photo=null]] 
18:31:18.092 [Thread-0] INFO  o.cysoft.urbanbot.main.UrbanbotMain - Received:Update [update_id=447316297, message=Message [message_id=872, from=User [id=114716051, first_name=Antonio, last_name=Furone, username=antoniofurone], date=1448818274, chat=Chat [id=114716051, first_name=Antonio, last_name=Furone, username=antoniofurone, title=, type=private], forward_from=null, forward_date=0, reply_to_message=null, text=/V 30, audio=null, document=null, photo=null]] 
18:31:18.159 [Thread-7] ERROR o.c.urbanbot.api.bss.CyBssCoreAPI - 04:Entita' non trovata 
18:32:41.264 [Thread-0] INFO  o.cysoft.urbanbot.main.UrbanbotMain - Received:Update [update_id=447316298, message=Message [message_id=874, from=User [id=114716051, first_name=Antonio, last_name=Furone, username=antoniofurone], date=1448818358, chat=Chat [id=114716051, first_name=Antonio, last_name=Furone, username=antoniofurone, title=, type=private], forward_from=null, forward_date=0, reply_to_message=null, text=/V 24, audio=null, document=null, photo=null]] 
